<?xml version="1.0" encoding="UTF-8"?>
<coverage generated="1773104249649" clover="3.2.0">
  <project timestamp="1773104249649" name="All files">
    <metrics statements="6" coveredstatements="6" conditionals="4" coveredconditionals="4" methods="1" coveredmethods="1" elements="11" coveredelements="11" complexity="0" loc="6" ncloc="6" packages="1" files="1" classes="1"/>
    <file name="userService.js" path="C:\Users\joao_vw_moreira\Desktop\2026_3-terceiraFaseSenai\Desenvolvimento de sistemas\Teste de sistemas\Atividades\Atividade 09-03\src\userService.js">
      <metrics statements="6" coveredstatements="6" conditionals="4" coveredconditionals="4" methods="1" coveredmethods="1"/>
      <line num="2" count="3" type="cond" truecount="2" falsecount="0"/>
      <line num="3" count="1" type="stmt"/>
      <line num="6" count="2" type="cond" truecount="2" falsecount="0"/>
      <line num="7" count="1" type="stmt"/>
      <line num="10" count="1" type="stmt"/>
      <line num="18" count="1" type="stmt"/>
    </file>
  </project>
</coverage>
